<?xml version="1.0" encoding="UTF-8"?>
<!-- Generated by org.testng.reporters.JUnitReportReporter -->
<testsuite skipped="3" hostname="Quan-Dell" name="parallel.MyTestNGRunner" tests="16" failures="2" timestamp="09 Jul 2021 03:24:54 GMT" time="560.855" errors="1">
  <testcase name="runScenario" time="40.900" classname="parallel.MyTestNGRunner"/>
  <testcase name="runScenario" time="41.583" classname="parallel.MyTestNGRunner"/>
  <testcase name="runScenario" time="29.063" classname="parallel.MyTestNGRunner"/>
  <testcase name="runScenario" time="31.901" classname="parallel.MyTestNGRunner"/>
  <testcase name="runScenario" time="40.858" classname="parallel.MyTestNGRunner"/>
  <testcase name="runScenario" time="45.318" classname="parallel.MyTestNGRunner"/>
  <testcase name="runScenario" time="43.451" classname="parallel.MyTestNGRunner"/>
  <testcase name="runScenario" time="44.613" classname="parallel.MyTestNGRunner">
    <failure type="java.lang.AssertionError">
      <![CDATA[java.lang.AssertionError
at org.junit.Assert.fail(Assert.java:87)
at org.junit.Assert.assertTrue(Assert.java:42)
at org.junit.Assert.assertTrue(Assert.java:53)
at parallel.LoginPageSteps.page_title_should_be(LoginPageSteps.java:28)
at ✽.page title should be "VnExpress - Báo tiếng Việt nhiều người xem nhấtabc"(file:///D:/QuanNguyen/Sofware-Testing/Projects-Demo/cucumber-java-web-demo-testng/src/test/resources/parallel/VNExHomePage.feature:7)
]]>
    </failure>
  </testcase> <!-- runScenario -->
  <testcase name="runScenario" time="47.299" classname="parallel.MyTestNGRunner">
    <error type="org.openqa.selenium.NoSuchElementException" message="no such element: Unable to locate element: {&quot;method&quot;:&quot;css selector&quot;,&quot;selector&quot;:&quot;span.name_user_av&quot;}
  (Session info: chrome=91.0.4472.124)
For documentation on this error, please visit: https://www.seleniumhq.org/exceptions/no_such_element.html
Build info: version: &#039;3.141.59&#039;, revision: &#039;e82be7d358&#039;, time: &#039;2018-11-14T08:17:03&#039;
System info: host: &#039;QUAN-DELL&#039;, ip: &#039;192.168.2.48&#039;, os.name: &#039;Windows 10&#039;, os.arch: &#039;amd64&#039;, os.version: &#039;10.0&#039;, java.version: &#039;1.8.0_261&#039;
Driver info: org.openqa.selenium.chrome.ChromeDriver
Capabilities {acceptInsecureCerts: false, browserName: chrome, browserVersion: 91.0.4472.124, chrome: {chromedriverVersion: 91.0.4472.101 (af52a90bf870..., userDataDir: C:\Users\QUANNG~1\AppData\L...}, goog:chromeOptions: {debuggerAddress: localhost:52140}, javascriptEnabled: true, networkConnectionEnabled: false, pageLoadStrategy: normal, platform: WINDOWS, platformName: WINDOWS, proxy: Proxy(), setWindowRect: true, strictFileInteractability: false, timeouts: {implicit: 0, pageLoad: 300000, script: 30000}, unhandledPromptBehavior: dismiss and notify, webauthn:extension:largeBlob: true, webauthn:virtualAuthenticators: true}
Session ID: 7133dd7df26befab1988d90872c89801
*** Element info: {Using=css selector, value=span.name_user_av}">
      <![CDATA[org.openqa.selenium.NoSuchElementException: no such element: Unable to locate element: {"method":"css selector","selector":"span.name_user_av"}
  (Session info: chrome=91.0.4472.124)
For documentation on this error, please visit: https://www.seleniumhq.org/exceptions/no_such_element.html
Build info: version: '3.141.59', revision: 'e82be7d358', time: '2018-11-14T08:17:03'
System info: host: 'QUAN-DELL', ip: '192.168.2.48', os.name: 'Windows 10', os.arch: 'amd64', os.version: '10.0', java.version: '1.8.0_261'
Driver info: org.openqa.selenium.chrome.ChromeDriver
Capabilities {acceptInsecureCerts: false, browserName: chrome, browserVersion: 91.0.4472.124, chrome: {chromedriverVersion: 91.0.4472.101 (af52a90bf870..., userDataDir: C:\Users\QUANNG~1\AppData\L...}, goog:chromeOptions: {debuggerAddress: localhost:52140}, javascriptEnabled: true, networkConnectionEnabled: false, pageLoadStrategy: normal, platform: WINDOWS, platformName: WINDOWS, proxy: Proxy(), setWindowRect: true, strictFileInteractability: false, timeouts: {implicit: 0, pageLoad: 300000, script: 30000}, unhandledPromptBehavior: dismiss and notify, webauthn:extension:largeBlob: true, webauthn:virtualAuthenticators: true}
Session ID: 7133dd7df26befab1988d90872c89801
*** Element info: {Using=css selector, value=span.name_user_av}
at sun.reflect.NativeConstructorAccessorImpl.newInstance0(Native Method)
at sun.reflect.NativeConstructorAccessorImpl.newInstance(NativeConstructorAccessorImpl.java:62)
at sun.reflect.DelegatingConstructorAccessorImpl.newInstance(DelegatingConstructorAccessorImpl.java:45)
at java.lang.reflect.Constructor.newInstance(Constructor.java:423)
at org.openqa.selenium.remote.http.W3CHttpResponseCodec.createException(W3CHttpResponseCodec.java:187)
at org.openqa.selenium.remote.http.W3CHttpResponseCodec.decode(W3CHttpResponseCodec.java:122)
at org.openqa.selenium.remote.http.W3CHttpResponseCodec.decode(W3CHttpResponseCodec.java:49)
at org.openqa.selenium.remote.HttpCommandExecutor.execute(HttpCommandExecutor.java:158)
at org.openqa.selenium.remote.service.DriverCommandExecutor.execute(DriverCommandExecutor.java:83)
at org.openqa.selenium.remote.RemoteWebDriver.execute(RemoteWebDriver.java:552)
at org.openqa.selenium.remote.RemoteWebDriver.findElement(RemoteWebDriver.java:323)
at org.openqa.selenium.remote.RemoteWebDriver.findElementByCssSelector(RemoteWebDriver.java:420)
at org.openqa.selenium.By$ByCssSelector.findElement(By.java:431)
at org.openqa.selenium.remote.RemoteWebDriver.findElement(RemoteWebDriver.java:315)
at com.pages.VNExHomePage.getUserNameBtnText(VNExHomePage.java:73)
at parallel.VNExHomePageSteps.text_should_be_displayed_in_user_profile_button(VNExHomePageSteps.java:56)
at ✽."quannguyen1abc" text should be displayed in user profile button(file:///D:/QuanNguyen/Sofware-Testing/Projects-Demo/cucumber-java-web-demo-testng/src/test/resources/parallel/VNExHomePage.feature:19)
]]>
    </error>
  </testcase> <!-- runScenario -->
  <testcase name="runScenario" time="2.809" classname="parallel.MyTestNGRunner">
    <skipped/>
  </testcase> <!-- runScenario -->
  <testcase name="runScenario" time="7.026" classname="parallel.MyTestNGRunner">
    <skipped/>
  </testcase> <!-- runScenario -->
  <testcase name="runScenario" time="48.599" classname="parallel.MyTestNGRunner">
    <failure type="java.lang.AssertionError">
      <![CDATA[java.lang.AssertionError
at org.junit.Assert.fail(Assert.java:87)
at org.junit.Assert.assertTrue(Assert.java:42)
at org.junit.Assert.assertTrue(Assert.java:53)
at parallel.LoginPageSteps.page_title_should_be(LoginPageSteps.java:28)
at ✽.page title should be "VnExpress International - Latest Vietnam news, business, sports, life, travel reviews and analyses from VnExpress, Vietnam 123 leading news website"(file:///D:/QuanNguyen/Sofware-Testing/Projects-Demo/cucumber-java-web-demo-testng/src/test/resources/parallel/VNExInternationalPage.feature:8)
]]>
    </failure>
  </testcase> <!-- runScenario -->
  <testcase name="runScenario" time="40.258" classname="parallel.MyTestNGRunner"/>
  <testcase name="runScenario" time="39.931" classname="parallel.MyTestNGRunner"/>
  <testcase name="runScenario" time="6.128" classname="parallel.MyTestNGRunner">
    <skipped/>
  </testcase> <!-- runScenario -->
  <testcase name="runScenario" time="51.118" classname="parallel.MyTestNGRunner"/>
</testsuite> <!-- parallel.MyTestNGRunner -->
